  pch.cpp
  Allocator.cpp
  CoreGlobal.cpp
  CorePch.cpp
  CoreTLS.cpp
  DeadLockProfiler.cpp
  IOCPCore.cpp
  IOCPEvent.cpp
  Listener.cpp
  Lock.cpp
  Memory.cpp
  MemoryPool.cpp
  NetAddress.cpp
  RecvBuffer.cpp
  RefCounting.cpp
  SendBuffer.cpp
  Service.cpp
  Session.cpp
  SocketUtils.cpp
  ThreadManager.cpp
  코드를 생성하고 있습니다...
D:\GitFiles\Server\ServerCore\Session.cpp(107,1): warning C4715: 'Session::RegisterConnect': 모든 제어 경로에서 값을 반환하지는 않습니다.
  ServerCore.vcxproj -> D:\GitFiles\Server\Libraries\Debug\ServerCore.lib
